<?xml version="1.0" encoding="UTF-8"?>
<testsuites name="jest tests" tests="8" failures="0" errors="0" time="0.782">
  <testsuite name="VehicleHub API" errors="0" failures="0" skipped="0" timestamp="2026-04-12T23:38:54" time="0.734" tests="8">
    <testcase classname="VehicleHub API GET /api/health returns 200 with status, timestamp, and version" name="VehicleHub API GET /api/health returns 200 with status, timestamp, and version" time="0.027">
    </testcase>
    <testcase classname="VehicleHub API Vehicles GET /api/vehicles returns list" name="VehicleHub API Vehicles GET /api/vehicles returns list" time="0.009">
    </testcase>
    <testcase classname="VehicleHub API Vehicles GET /api/vehicles returns 503 when vehicle table is missing" name="VehicleHub API Vehicles GET /api/vehicles returns 503 when vehicle table is missing" time="0.01">
    </testcase>
    <testcase classname="VehicleHub API Vehicles GET /api/vehicles/:id returns 404 when not found" name="VehicleHub API Vehicles GET /api/vehicles/:id returns 404 when not found" time="0.003">
    </testcase>
    <testcase classname="VehicleHub API Vehicles GET /api/vehicles/:id returns vehicle when found" name="VehicleHub API Vehicles GET /api/vehicles/:id returns vehicle when found" time="0.003">
    </testcase>
    <testcase classname="VehicleHub API Vehicles POST /api/vehicles creates vehicle" name="VehicleHub API Vehicles POST /api/vehicles creates vehicle" time="0.01">
    </testcase>
    <testcase classname="VehicleHub API Vehicles PUT /api/vehicles/:id returns 404 when not found" name="VehicleHub API Vehicles PUT /api/vehicles/:id returns 404 when not found" time="0.003">
    </testcase>
    <testcase classname="VehicleHub API Service types GET /api/service-types returns list" name="VehicleHub API Service types GET /api/service-types returns list" time="0.002">
    </testcase>
  </testsuite>
</testsuites>