<?xml version="1.0" encoding="UTF-8"?>
<testsuites name="jest tests" tests="63" failures="0" errors="0" time="1.346">
  <testsuite name="recipeIngredientLine" errors="0" failures="0" skipped="0" timestamp="2026-05-17T00:58:45" time="0.398" tests="5">
    <testcase classname="recipeIngredientLine recipeLineGrams uses qty × to_grams for standard units" name="recipeIngredientLine recipeLineGrams uses qty × to_grams for standard units" time="0.003">
    </testcase>
    <testcase classname="recipeIngredientLine recipeLineGramsScaled applies scale to qty before resolving grams" name="recipeIngredientLine recipeLineGramsScaled applies scale to qty before resolving grams" time="0.001">
    </testcase>
    <testcase classname="recipeIngredientLine recipeLineGrams works without measurement_id when name and to_grams are present" name="recipeIngredientLine recipeLineGrams works without measurement_id when name and to_grams are present" time="0">
    </testcase>
    <testcase classname="recipeIngredientLine recipeLineKcal scales by recipe qty when nutrition uses the same measurement" name="recipeIngredientLine recipeLineKcal scales by recipe qty when nutrition uses the same measurement" time="0.001">
    </testcase>
    <testcase classname="recipeIngredientLine recipeLineKcal uses gram bridge when recipe unit differs from kcal reference unit" name="recipeIngredientLine recipeLineKcal uses gram bridge when recipe unit differs from kcal reference unit" time="0.001">
    </testcase>
  </testsuite>
  <testsuite name="KitchenHub API" errors="0" failures="0" skipped="0" timestamp="2026-05-17T00:58:45" time="0.868" tests="58">
    <testcase classname="KitchenHub API GET /api/health returns 200 with status, timestamp, and version" name="KitchenHub API GET /api/health returns 200 with status, timestamp, and version" time="0.047">
    </testcase>
    <testcase classname="KitchenHub API Stores GET /api/stores returns All store first then DB stores" name="KitchenHub API Stores GET /api/stores returns All store first then DB stores" time="0.006">
    </testcase>
    <testcase classname="KitchenHub API Stores GET /api/stores/:id returns All store for id -1" name="KitchenHub API Stores GET /api/stores/:id returns All store for id -1" time="0.004">
    </testcase>
    <testcase classname="KitchenHub API Stores GET /api/stores/:id returns 404 when store not found" name="KitchenHub API Stores GET /api/stores/:id returns 404 when store not found" time="0.004">
    </testcase>
    <testcase classname="KitchenHub API Stores GET /api/stores/:id returns store when found" name="KitchenHub API Stores GET /api/stores/:id returns store when found" time="0.006">
    </testcase>
    <testcase classname="KitchenHub API Stores POST /api/stores creates store" name="KitchenHub API Stores POST /api/stores creates store" time="0.013">
    </testcase>
    <testcase classname="KitchenHub API Stores PUT /api/stores/-1 returns 403 for All store" name="KitchenHub API Stores PUT /api/stores/-1 returns 403 for All store" time="0.003">
    </testcase>
    <testcase classname="KitchenHub API Stores DELETE /api/stores/-1 returns 403 for All store" name="KitchenHub API Stores DELETE /api/stores/-1 returns 403 for All store" time="0.003">
    </testcase>
    <testcase classname="KitchenHub API Stores PUT /api/stores/:id returns 404 when store not found" name="KitchenHub API Stores PUT /api/stores/:id returns 404 when store not found" time="0.004">
    </testcase>
    <testcase classname="KitchenHub API Stores DELETE /api/stores/:id returns 404 when store not found" name="KitchenHub API Stores DELETE /api/stores/:id returns 404 when store not found" time="0.002">
    </testcase>
    <testcase classname="KitchenHub API Store zones GET /api/stores/-1/zones returns synthetic General zones" name="KitchenHub API Store zones GET /api/stores/-1/zones returns synthetic General zones" time="0.002">
    </testcase>
    <testcase classname="KitchenHub API Store zones GET /api/stores/1/zones returns zones from DB" name="KitchenHub API Store zones GET /api/stores/1/zones returns zones from DB" time="0.002">
    </testcase>
    <testcase classname="KitchenHub API Store zones POST /api/stores/-1/zones returns 403 for All store" name="KitchenHub API Store zones POST /api/stores/-1/zones returns 403 for All store" time="0.005">
    </testcase>
    <testcase classname="KitchenHub API Store zones POST /api/stores/1/zones creates zone" name="KitchenHub API Store zones POST /api/stores/1/zones creates zone" time="0.003">
    </testcase>
    <testcase classname="KitchenHub API Store zones POST /api/stores/1/zones returns 400 for invalid store id" name="KitchenHub API Store zones POST /api/stores/1/zones returns 400 for invalid store id" time="0.003">
    </testcase>
    <testcase classname="KitchenHub API Store zones POST /api/stores/1/zones/swap returns 403 for All store" name="KitchenHub API Store zones POST /api/stores/1/zones/swap returns 403 for All store" time="0.002">
    </testcase>
    <testcase classname="KitchenHub API Store zones POST /api/stores/1/zones/swap returns 400 when seqA/seqB missing" name="KitchenHub API Store zones POST /api/stores/1/zones/swap returns 400 when seqA/seqB missing" time="0.002">
    </testcase>
    <testcase classname="KitchenHub API Store zones POST /api/stores/1/zones/swap succeeds" name="KitchenHub API Store zones POST /api/stores/1/zones/swap succeeds" time="0.003">
    </testcase>
    <testcase classname="KitchenHub API Store zones DELETE /api/stores/-1/zones/1/1 returns 403 for All store" name="KitchenHub API Store zones DELETE /api/stores/-1/zones/1/1 returns 403 for All store" time="0.003">
    </testcase>
    <testcase classname="KitchenHub API Store zones DELETE /api/stores/1/zones/1/1 deletes zone" name="KitchenHub API Store zones DELETE /api/stores/1/zones/1/1 deletes zone" time="0.003">
    </testcase>
    <testcase classname="KitchenHub API Departments GET /api/departments returns list" name="KitchenHub API Departments GET /api/departments returns list" time="0.002">
    </testcase>
    <testcase classname="KitchenHub API Departments POST /api/departments creates department" name="KitchenHub API Departments POST /api/departments creates department" time="0.003">
    </testcase>
    <testcase classname="KitchenHub API Departments PATCH /api/departments/:id updates ingredient flag" name="KitchenHub API Departments PATCH /api/departments/:id updates ingredient flag" time="0.002">
    </testcase>
    <testcase classname="KitchenHub API Items GET /api/items returns list" name="KitchenHub API Items GET /api/items returns list" time="0.002">
    </testcase>
    <testcase classname="KitchenHub API Items GET /api/items/:id returns 404 when not found" name="KitchenHub API Items GET /api/items/:id returns 404 when not found" time="0.002">
    </testcase>
    <testcase classname="KitchenHub API Items GET /api/items/1 returns item" name="KitchenHub API Items GET /api/items/1 returns item" time="0.004">
    </testcase>
    <testcase classname="KitchenHub API Items POST /api/items creates item" name="KitchenHub API Items POST /api/items creates item" time="0.004">
    </testcase>
    <testcase classname="KitchenHub API Items PUT /api/items/:id returns 404 when not found" name="KitchenHub API Items PUT /api/items/:id returns 404 when not found" time="0.003">
    </testcase>
    <testcase classname="KitchenHub API Items DELETE /api/items/:id returns 404 when not found" name="KitchenHub API Items DELETE /api/items/:id returns 404 when not found" time="0.002">
    </testcase>
    <testcase classname="KitchenHub API Shopping list GET /api/shopping-list/-1 returns list for All store" name="KitchenHub API Shopping list GET /api/shopping-list/-1 returns list for All store" time="0.005">
    </testcase>
    <testcase classname="KitchenHub API Shopping list GET /api/shopping-list/1 returns list for store" name="KitchenHub API Shopping list GET /api/shopping-list/1 returns list for store" time="0.003">
    </testcase>
    <testcase classname="KitchenHub API Shopping list GET /api/shopping-list returns all items" name="KitchenHub API Shopping list GET /api/shopping-list returns all items" time="0.002">
    </testcase>
    <testcase classname="KitchenHub API Shopping list POST /api/shopping-list adds item" name="KitchenHub API Shopping list POST /api/shopping-list adds item" time="0.003">
    </testcase>
    <testcase classname="KitchenHub API Shopping list PUT /api/shopping-list/:name returns 400 when no fields to update" name="KitchenHub API Shopping list PUT /api/shopping-list/:name returns 400 when no fields to update" time="0.004">
    </testcase>
    <testcase classname="KitchenHub API Shopping list PUT /api/shopping-list/:name updates quantity" name="KitchenHub API Shopping list PUT /api/shopping-list/:name updates quantity" time="0.002">
    </testcase>
    <testcase classname="KitchenHub API Shopping list PUT /api/shopping-list/:name returns 404 when not found" name="KitchenHub API Shopping list PUT /api/shopping-list/:name returns 404 when not found" time="0.003">
    </testcase>
    <testcase classname="KitchenHub API Shopping list PATCH /api/shopping-list/:name/purchased updates purchased" name="KitchenHub API Shopping list PATCH /api/shopping-list/:name/purchased updates purchased" time="0.002">
    </testcase>
    <testcase classname="KitchenHub API Shopping list PATCH /api/shopping-list/:name/purchased returns 404 when not found" name="KitchenHub API Shopping list PATCH /api/shopping-list/:name/purchased returns 404 when not found" time="0.003">
    </testcase>
    <testcase classname="KitchenHub API Shopping list DELETE /api/shopping-list/:name removes item" name="KitchenHub API Shopping list DELETE /api/shopping-list/:name removes item" time="0.003">
    </testcase>
    <testcase classname="KitchenHub API Shopping list DELETE /api/shopping-list/:name returns 404 when not found" name="KitchenHub API Shopping list DELETE /api/shopping-list/:name returns 404 when not found" time="0.003">
    </testcase>
    <testcase classname="KitchenHub API Recipes — add to shopping list POST /api/recipes/:id/shopping-list increments by qty × to_grams" name="KitchenHub API Recipes — add to shopping list POST /api/recipes/:id/shopping-list increments by qty × to_grams" time="0.003">
    </testcase>
    <testcase classname="KitchenHub API Recipes — add to shopping list POST /api/recipes/:id/shopping-list scales ingredient quantities" name="KitchenHub API Recipes — add to shopping list POST /api/recipes/:id/shopping-list scales ingredient quantities" time="0.004">
    </testcase>
    <testcase classname="KitchenHub API Recipes — add to shopping list POST /api/recipes/:id/shopping-list returns 400 when scale is invalid" name="KitchenHub API Recipes — add to shopping list POST /api/recipes/:id/shopping-list returns 400 when scale is invalid" time="0.002">
    </testcase>
    <testcase classname="KitchenHub API Recipes — add to shopping list POST /api/recipes/:id/shopping-list returns 404 when recipe missing" name="KitchenHub API Recipes — add to shopping list POST /api/recipes/:id/shopping-list returns 404 when recipe missing" time="0.004">
    </testcase>
    <testcase classname="KitchenHub API Schedulable meal-planner filters GET /api/recipe-categories?schedulable=1 filters to schedulable categories" name="KitchenHub API Schedulable meal-planner filters GET /api/recipe-categories?schedulable=1 filters to schedulable categories" time="0.004">
    </testcase>
    <testcase classname="KitchenHub API Schedulable meal-planner filters GET /api/recipes?category_ids=1,2 applies AND filter per category" name="KitchenHub API Schedulable meal-planner filters GET /api/recipes?category_ids=1,2 applies AND filter per category" time="0.004">
    </testcase>
    <testcase classname="KitchenHub API Schedulable meal-planner filters GET /api/recipes?schedulable=1 includes schedulable recipe filter" name="KitchenHub API Schedulable meal-planner filters GET /api/recipes?schedulable=1 includes schedulable recipe filter" time="0.004">
    </testcase>
    <testcase classname="KitchenHub API Meal planner GET /api/meal-planner returns slot kcal and meal kcal/leftover metadata" name="KitchenHub API Meal planner GET /api/meal-planner returns slot kcal and meal kcal/leftover metadata" time="0.004">
    </testcase>
    <testcase classname="KitchenHub API Meal planner PATCH /api/meal-planner/slot-kcal updates slot kcal" name="KitchenHub API Meal planner PATCH /api/meal-planner/slot-kcal updates slot kcal" time="0.003">
    </testcase>
    <testcase classname="KitchenHub API Meal planner PUT /api/meal-planner/assign uses recipe default servings, not meal slot servings" name="KitchenHub API Meal planner PUT /api/meal-planner/assign uses recipe default servings, not meal slot servings" time="0.003">
    </testcase>
    <testcase classname="KitchenHub API Meal planner POST /api/meal-planner/leftovers/auto-link defaults to next lunch slot" name="KitchenHub API Meal planner POST /api/meal-planner/leftovers/auto-link defaults to next lunch slot" time="0.004">
    </testcase>
    <testcase classname="KitchenHub API Meal planner GET /api/meal-planner/meal-slots returns ordered slots" name="KitchenHub API Meal planner GET /api/meal-planner/meal-slots returns ordered slots" time="0.005">
    </testcase>
    <testcase classname="KitchenHub API Meal planner POST /api/meal-planner/meal-slots creates a slot" name="KitchenHub API Meal planner POST /api/meal-planner/meal-slots creates a slot" time="0.003">
    </testcase>
    <testcase classname="KitchenHub API Meal planner PATCH /api/meal-planner/meal-slots/:id updates a slot" name="KitchenHub API Meal planner PATCH /api/meal-planner/meal-slots/:id updates a slot" time="0.002">
    </testcase>
    <testcase classname="KitchenHub API Meal planner PUT /api/meal-planner/meal-slots/order rewrites seq values" name="KitchenHub API Meal planner PUT /api/meal-planner/meal-slots/order rewrites seq values" time="0.003">
    </testcase>
    <testcase classname="KitchenHub API Meal planner POST /api/meal-planner/add-to-shopping-list increments items already on the shopping list" name="KitchenHub API Meal planner POST /api/meal-planner/add-to-shopping-list increments items already on the shopping list" time="0.008">
    </testcase>
    <testcase classname="KitchenHub API Meal planner POST /api/meal-planner/add-to-shopping-list excludes leftover meals" name="KitchenHub API Meal planner POST /api/meal-planner/add-to-shopping-list excludes leftover meals" time="0.004">
    </testcase>
    <testcase classname="KitchenHub API Error handling GET /api/stores returns 500 on DB error" name="KitchenHub API Error handling GET /api/stores returns 500 on DB error" time="0.032">
    </testcase>
  </testsuite>
</testsuites>